fib 8: 21
fib 5: 5
fib 3: 2
fib 1: 1
fact 8: 40320
fact 5: 120
fact 3: 6
fact 1: 1
digits 1622553: 7
digits 56739: 5
digits 3: 1
pi: 3.232316
pi: 3.189185
pi: 3.173842
e: 2.716667
The number is an Armstrong number.
Move disk 1 from A to C
Move disk 2 from A to B
Move disk 1 from C to B
Move disk 3 from A to C
Move disk 1 from B to A
Move disk 2 from B to C
Move disk 1 from A to C
Move disk 4 from A to B
Move disk 1 from C to B
Move disk 2 from C to A
Move disk 1 from B to A
Move disk 3 from C to B
Move disk 1 from A to C
Move disk 2 from A to B
Move disk 1 from C to B
1 0
1 0
0 1 1 0
29
1 3 5 7 6 4 2 
2 4 6 7 5 3 1 
8 3 4 7 9 5 2 
2 5 9 7 4 3 8 
1 2 3 0 6 5 4 
4 5 6 0 3 2 1 
min: 1
min: 2
min: 0
